2024-06-27 22:15:54,934 - INFO - Check
2024-06-27 22:16:03,349 - INFO - Check
2024-06-27 22:16:09,982 - INFO - Check
2024-06-27 22:16:16,836 - INFO - Check
2024-06-27 22:16:19,640 - INFO - Check
2024-06-27 22:16:27,335 - INFO - Checking
2024-06-27 22:47:53,403 - INFO - Starting System Health Monitor...
2024-06-27 22:47:54,406 - INFO - CPU usage: 2.8%
2024-06-27 22:47:54,406 - INFO - Memory usage: 74.0%
2024-06-27 22:47:54,406 - INFO - Disk usage: 67.0%
2024-06-27 22:47:54,406 - INFO - Active PIDs: 352
2024-06-27 22:47:54,407 - INFO - PID usage: 0.008392333984375%
2024-06-27 22:47:54,407 - INFO - ______________________________
2024-06-27 22:47:54,407 - INFO - System Health Monitor finished
2024-06-27 22:47:54,407 - INFO - ______________________________
2024-06-27 22:48:56,877 - INFO -   ______________________________  
2024-06-27 22:48:56,877 - INFO - Starting System Health Monitor...
2024-06-27 22:48:56,877 - INFO -   ______________________________  
2024-06-27 22:48:57,881 - INFO - CPU usage: 8.8%
2024-06-27 22:48:57,881 - INFO - Memory usage: 74.0%
2024-06-27 22:48:57,881 - INFO - Disk usage: 67.0%
2024-06-27 22:48:57,881 - INFO - Active PIDs: 352
2024-06-27 22:48:57,881 - INFO - PID usage: 0.008392333984375%
2024-06-27 22:48:57,881 - INFO - ______________________________
2024-06-27 22:48:57,881 - INFO - System Health Monitor finished
2024-06-27 22:48:57,881 - INFO - ______________________________
